{
  "numFailedTestSuites": 0,
  "numFailedTests": 0,
  "numPassedTestSuites": 8,
  "numPassedTests": 17,
  "numPendingTestSuites": 0,
  "numPendingTests": 0,
  "numRuntimeErrorTestSuites": 0,
  "numTodoTests": 0,
  "numTotalTestSuites": 8,
  "numTotalTests": 17,
  "openHandles": [],
  "snapshot": {
    "added": 0,
    "didUpdate": false,
    "failure": false,
    "filesAdded": 0,
    "filesRemoved": 0,
    "filesRemovedList": [],
    "filesUnmatched": 0,
    "filesUpdated": 0,
    "matched": 0,
    "total": 0,
    "unchecked": 0,
    "uncheckedKeysByFile": [],
    "unmatched": 0,
    "updated": 0
  },
  "startTime": 1703570077199,
  "success": false,
  "testResults": [
    {
      "leaks": false,
      "numFailingTests": 0,
      "numPassingTests": 3,
      "numPendingTests": 0,
      "numTodoTests": 0,
      "openHandles": [],
      "perfStats": {
        "end": 1703570080166,
        "runtime": 1359,
        "slow": false,
        "start": 1703570078807
      },
      "skipped": false,
      "snapshot": {
        "added": 0,
        "fileDeleted": false,
        "matched": 0,
        "unchecked": 0,
        "uncheckedKeys": [],
        "unmatched": 0,
        "updated": 0
      },
      "testFilePath": "E:\\myProject\\util-monorepo\\middleware\\Pool\\Pool.spec.js",
      "testResults": [
        {
          "ancestorTitles": [
            "Pool"
          ],
          "duration": 23,
          "failureDetails": [],
          "failureMessages": [],
          "fullName": "Pool Pool/event",
          "invocations": 1,
          "location": null,
          "numPassingAsserts": 1,
          "retryReasons": [],
          "status": "passed",
          "title": "Pool/event"
        },
        {
          "ancestorTitles": [
            "Pool"
          ],
          "duration": 3,
          "failureDetails": [],
          "failureMessages": [],
          "fullName": "Pool Pool/Concurrent",
          "invocations": 1,
          "location": null,
          "numPassingAsserts": 1,
          "retryReasons": [],
          "status": "passed",
          "title": "Pool/Concurrent"
        },
        {
          "ancestorTitles": [
            "Pool"
          ],
          "duration": 7,
          "failureDetails": [],
          "failureMessages": [],
          "fullName": "Pool Pool/Retry",
          "invocations": 1,
          "location": null,
          "numPassingAsserts": 1,
          "retryReasons": [],
          "status": "passed",
          "title": "Pool/Retry"
        }
      ],
      "failureMessage": null
    },
    {
      "leaks": false,
      "numFailingTests": 0,
      "numPassingTests": 3,
      "numPendingTests": 0,
      "numTodoTests": 0,
      "openHandles": [],
      "perfStats": {
        "end": 1703570080286,
        "runtime": 1472,
        "slow": false,
        "start": 1703570078814
      },
      "skipped": false,
      "snapshot": {
        "added": 0,
        "fileDeleted": false,
        "matched": 0,
        "unchecked": 0,
        "uncheckedKeys": [],
        "unmatched": 0,
        "updated": 0
      },
      "testFilePath": "E:\\myProject\\util-monorepo\\middleware\\Strategy\\Strategy.spec.js",
      "testResults": [
        {
          "ancestorTitles": [
            "Strategy"
          ],
          "duration": 18,
          "failureDetails": [],
          "failureMessages": [],
          "fullName": "Strategy Strategy/error+event",
          "invocations": 1,
          "location": null,
          "numPassingAsserts": 0,
          "retryReasons": [],
          "status": "passed",
          "title": "Strategy/error+event"
        },
        {
          "ancestorTitles": [
            "Strategy"
          ],
          "duration": 1,
          "failureDetails": [],
          "failureMessages": [],
          "fullName": "Strategy Strategy/sortkey",
          "invocations": 1,
          "location": null,
          "numPassingAsserts": 0,
          "retryReasons": [],
          "status": "passed",
          "title": "Strategy/sortkey"
        },
        {
          "ancestorTitles": [
            "Strategy"
          ],
          "duration": 1,
          "failureDetails": [],
          "failureMessages": [],
          "fullName": "Strategy Strategy/userevent",
          "invocations": 1,
          "location": null,
          "numPassingAsserts": 0,
          "retryReasons": [],
          "status": "passed",
          "title": "Strategy/userevent"
        }
      ],
      "failureMessage": null
    },
    {
      "leaks": false,
      "numFailingTests": 0,
      "numPassingTests": 4,
      "numPendingTests": 0,
      "numTodoTests": 0,
      "openHandles": [],
      "perfStats": {
        "end": 1703570080294,
        "runtime": 1475,
        "slow": false,
        "start": 1703570078819
      },
      "skipped": false,
      "snapshot": {
        "added": 0,
        "fileDeleted": false,
        "matched": 0,
        "unchecked": 0,
        "uncheckedKeys": [],
        "unmatched": 0,
        "updated": 0
      },
      "testFilePath": "E:\\myProject\\util-monorepo\\middleware\\Handle\\Handle.spec.js",
      "testResults": [
        {
          "ancestorTitles": [
            "Handle"
          ],
          "duration": 19,
          "failureDetails": [],
          "failureMessages": [],
          "fullName": "Handle sort/mult",
          "invocations": 1,
          "location": null,
          "numPassingAsserts": 1,
          "retryReasons": [],
          "status": "passed",
          "title": "sort/mult"
        },
        {
          "ancestorTitles": [
            "Handle"
          ],
          "duration": 1,
          "failureDetails": [],
          "failureMessages": [],
          "fullName": "Handle fliter/*",
          "invocations": 1,
          "location": null,
          "numPassingAsserts": 1,
          "retryReasons": [],
          "status": "passed",
          "title": "fliter/*"
        },
        {
          "ancestorTitles": [
            "Handle"
          ],
          "duration": 1,
          "failureDetails": [],
          "failureMessages": [],
          "fullName": "Handle groupBy/*",
          "invocations": 1,
          "location": null,
          "numPassingAsserts": 1,
          "retryReasons": [],
          "status": "passed",
          "title": "groupBy/*"
        },
        {
          "ancestorTitles": [
            "Handle"
          ],
          "duration": 1,
          "failureDetails": [],
          "failureMessages": [],
          "fullName": "Handle transform/*",
          "invocations": 1,
          "location": null,
          "numPassingAsserts": 1,
          "retryReasons": [],
          "status": "passed",
          "title": "transform/*"
        }
      ],
      "failureMessage": null
    },
    {
      "leaks": false,
      "numFailingTests": 0,
      "numPassingTests": 1,
      "numPendingTests": 0,
      "numTodoTests": 0,
      "openHandles": [],
      "perfStats": {
        "end": 1703570080315,
        "runtime": 1458,
        "slow": false,
        "start": 1703570078857
      },
      "skipped": false,
      "snapshot": {
        "added": 0,
        "fileDeleted": false,
        "matched": 0,
        "unchecked": 0,
        "uncheckedKeys": [],
        "unmatched": 0,
        "updated": 0
      },
      "testFilePath": "E:\\myProject\\util-monorepo\\middleware\\Strategy\\StrategyEnance.spec.js",
      "testResults": [
        {
          "ancestorTitles": [
            "StrategyEnance"
          ],
          "duration": 23,
          "failureDetails": [],
          "failureMessages": [],
          "fullName": "StrategyEnance StrategyEnance/event",
          "invocations": 1,
          "location": null,
          "numPassingAsserts": 1,
          "retryReasons": [],
          "status": "passed",
          "title": "StrategyEnance/event"
        }
      ],
      "failureMessage": null
    },
    {
      "leaks": false,
      "numFailingTests": 0,
      "numPassingTests": 1,
      "numPendingTests": 0,
      "numTodoTests": 0,
      "openHandles": [],
      "perfStats": {
        "end": 1703570080319,
        "runtime": 1463,
        "slow": false,
        "start": 1703570078856
      },
      "skipped": false,
      "snapshot": {
        "added": 0,
        "fileDeleted": false,
        "matched": 0,
        "unchecked": 0,
        "uncheckedKeys": [],
        "unmatched": 0,
        "updated": 0
      },
      "testFilePath": "E:\\myProject\\util-monorepo\\middleware\\EventBus\\EventBus.spec.js",
      "testResults": [
        {
          "ancestorTitles": [
            "EventBus"
          ],
          "duration": 29,
          "failureDetails": [],
          "failureMessages": [],
          "fullName": "EventBus EventBus/event",
          "invocations": 1,
          "location": null,
          "numPassingAsserts": 1,
          "retryReasons": [],
          "status": "passed",
          "title": "EventBus/event"
        }
      ],
      "failureMessage": null
    },
    {
      "leaks": false,
      "numFailingTests": 0,
      "numPassingTests": 1,
      "numPendingTests": 0,
      "numTodoTests": 0,
      "openHandles": [],
      "perfStats": {
        "end": 1703570080350,
        "runtime": 1517,
        "slow": false,
        "start": 1703570078833
      },
      "skipped": false,
      "snapshot": {
        "added": 0,
        "fileDeleted": false,
        "matched": 0,
        "unchecked": 0,
        "uncheckedKeys": [],
        "unmatched": 0,
        "updated": 0
      },
      "testFilePath": "E:\\myProject\\util-monorepo\\middleware\\Http\\Http.spec.js",
      "testResults": [
        {
          "ancestorTitles": [
            "Http"
          ],
          "duration": 56,
          "failureDetails": [],
          "failureMessages": [],
          "fullName": "Http Http/BaseConfig",
          "invocations": 1,
          "location": null,
          "numPassingAsserts": 1,
          "retryReasons": [],
          "status": "passed",
          "title": "Http/BaseConfig"
        }
      ],
      "failureMessage": null
    },
    {
      "leaks": false,
      "numFailingTests": 0,
      "numPassingTests": 2,
      "numPendingTests": 0,
      "numTodoTests": 0,
      "openHandles": [],
      "perfStats": {
        "end": 1703570080360,
        "runtime": 1586,
        "slow": false,
        "start": 1703570078774
      },
      "skipped": false,
      "snapshot": {
        "added": 0,
        "fileDeleted": false,
        "matched": 0,
        "unchecked": 0,
        "uncheckedKeys": [],
        "unmatched": 0,
        "updated": 0
      },
      "testFilePath": "E:\\myProject\\util-monorepo\\middleware\\Pipe\\Pipe.spec.js",
      "testResults": [
        {
          "ancestorTitles": [
            "Pipe"
          ],
          "duration": 21,
          "failureDetails": [],
          "failureMessages": [],
          "fullName": "Pipe Pipe/base",
          "invocations": 1,
          "location": null,
          "numPassingAsserts": 1,
          "retryReasons": [],
          "status": "passed",
          "title": "Pipe/base"
        },
        {
          "ancestorTitles": [
            "Pipe"
          ],
          "duration": 226,
          "failureDetails": [],
          "failureMessages": [],
          "fullName": "Pipe Pipe/async",
          "invocations": 1,
          "location": null,
          "numPassingAsserts": 1,
          "retryReasons": [],
          "status": "passed",
          "title": "Pipe/async"
        }
      ],
      "failureMessage": null
    },
    {
      "leaks": false,
      "numFailingTests": 0,
      "numPassingTests": 2,
      "numPendingTests": 0,
      "numTodoTests": 0,
      "openHandles": [],
      "perfStats": {
        "end": 1703570081316,
        "runtime": 2500,
        "slow": false,
        "start": 1703570078816
      },
      "skipped": false,
      "snapshot": {
        "added": 0,
        "fileDeleted": false,
        "matched": 0,
        "unchecked": 0,
        "uncheckedKeys": [],
        "unmatched": 0,
        "updated": 0
      },
      "testFilePath": "E:\\myProject\\util-monorepo\\middleware\\Chain\\Chain.spec.js",
      "testResults": [
        {
          "ancestorTitles": [
            "Chain"
          ],
          "duration": 40,
          "failureDetails": [],
          "failureMessages": [],
          "fullName": "Chain Chain/error",
          "invocations": 1,
          "location": null,
          "numPassingAsserts": 1,
          "retryReasons": [],
          "status": "passed",
          "title": "Chain/error"
        },
        {
          "ancestorTitles": [
            "Chain"
          ],
          "duration": 1003,
          "failureDetails": [],
          "failureMessages": [],
          "fullName": "Chain Chain/value/async",
          "invocations": 1,
          "location": null,
          "numPassingAsserts": 1,
          "retryReasons": [],
          "status": "passed",
          "title": "Chain/value/async"
        }
      ],
      "failureMessage": null
    }
  ],
  "wasInterrupted": false
}